<?xml version="1.0" encoding="UTF-8"?>
<!-- Generated by org.testng.reporters.JUnitReportReporter -->
<testsuite hostname="MIGHTYSURYA11" failures="0" tests="1" name="Files.Scrolling" time="11.933" errors="0" timestamp="2024-07-06T21:34:45 IST" skipped="0">
  <testcase classname="Files.Scrolling" name="main" time="11.933"/>
  <system-out/>
</testsuite> <!-- Files.Scrolling -->
