<?xml version="1.0" encoding="UTF-8"?>
<!-- Generated by org.testng.reporters.JUnitReportReporter -->
<testsuite hostname="MIGHTYSURYA11" failures="0" tests="1" name="Files.Java_Script_Executor" time="0.282" errors="0" timestamp="2024-07-06T21:50:24 IST" skipped="0">
  <testcase classname="Files.Java_Script_Executor" name="main" time="0.282"/>
  <system-out/>
</testsuite> <!-- Files.Java_Script_Executor -->
